# JRE version: Java(TM) SE Runtime Environment (7.0_51-b13) (build 1.7.0_51-b13)
# Java VM: Java HotSpot(TM) Client VM (24.51-b03 mixed mode, sharing windows-x86 )
Heap
 def new generation   total 6464K, used 880K [0x249c0000, 0x250c0000, 0x29f10000)
  eden space 5760K,  14% used [0x249c0000, 0x24a93a10, 0x24f60000)
  from space 704K,   4% used [0x24f60000, 0x24f68780, 0x25010000)
  to   space 704K,   0% used [0x25010000, 0x25010000, 0x250c0000)
 tenured generation   total 14300K, used 8538K [0x29f10000, 0x2ad07000, 0x349c0000)
   the space 14300K,  59% used [0x29f10000, 0x2a766990, 0x2a766a00, 0x2ad07000)
 compacting perm gen  total 12288K, used 1725K [0x349c0000, 0x355c0000, 0x389c0000)
   the space 12288K,  14% used [0x349c0000, 0x34b6f480, 0x34b6f600, 0x355c0000)
    ro space 10240K,  41% used [0x389c0000, 0x38df2050, 0x38df2200, 0x393c0000)
    rw space 12288K,  52% used [0x393c0000, 0x39a06800, 0x39a06800, 0x39fc0000)
GC Heap History (10 events):
Event: 1.010 GC heap before
{Heap before GC invocations=16 (full 4):
 def new generation   total 6464K, used 5810K [0x249c0000, 0x250c0000, 0x29f10000)
  eden space 5760K,  99% used [0x249c0000, 0x24f5f390, 0x24f60000)
  from space 704K,   7% used [0x25010000, 0x2501d708, 0x250c0000)
  to   space 704K,   0% used [0x24f60000, 0x24f60000, 0x25010000)
 tenured generation   total 14300K, used 12137K [0x29f10000, 0x2ad07000, 0x349c0000)
   the space 14300K,  84% used [0x29f10000, 0x2aaea738, 0x2aaea800, 0x2ad07000)
 compacting perm gen  total 12288K, used 1700K [0x349c0000, 0x355c0000, 0x389c0000)
   the space 12288K,  13% used [0x349c0000, 0x34b69090, 0x34b69200, 0x355c0000)
    ro space 10240K,  41% used [0x389c0000, 0x38df2050, 0x38df2200, 0x393c0000)
    rw space 12288K,  52% used [0x393c0000, 0x39a06800, 0x39a06800, 0x39fc0000)
Event: 1.024 GC heap after
Heap after GC invocations=17 (full 5):
 def new generation   total 6464K, used 0K [0x249c0000, 0x250c0000, 0x29f10000)
  eden space 5760K,   0% used [0x249c0000, 0x249c0000, 0x24f60000)
  from space 704K,   0% used [0x24f60000, 0x24f60000, 0x25010000)
  to   space 704K,   0% used [0x25010000, 0x25010000, 0x250c0000)
 tenured generation   total 14300K, used 8538K [0x29f10000, 0x2ad07000, 0x349c0000)
   the space 14300K,  59% used [0x29f10000, 0x2a7668b8, 0x2a766a00, 0x2ad07000)
 compacting perm gen  total 12288K, used 1700K [0x349c0000, 0x355c0000, 0x389c0000)
   the space 12288K,  13% used [0x349c0000, 0x34b69090, 0x34b69200, 0x355c0000)
    ro space 10240K,  41% used [0x389c0000, 0x38df2050, 0x38df2200, 0x393c0000)
    rw space 12288K,  52% used [0x393c0000, 0x39a06800, 0x39a06800, 0x39fc0000)
}
Event: 1.096 GC heap before
{Heap before GC invocations=17 (full 5):
 def new generation   total 6464K, used 3657K [0x249c0000, 0x250c0000, 0x29f10000)
  eden space 5760K,  63% used [0x249c0000, 0x24d52488, 0x24f60000)
  from space 704K,   0% used [0x24f60000, 0x24f60000, 0x25010000)
  to   space 704K,   0% used [0x25010000, 0x25010000, 0x250c0000)
 tenured generation   total 14300K, used 8538K [0x29f10000, 0x2ad07000, 0x349c0000)
   the space 14300K,  59% used [0x29f10000, 0x2a7668b8, 0x2a766a00, 0x2ad07000)
 compacting perm gen  total 12288K, used 1700K [0x349c0000, 0x355c0000, 0x389c0000)
   the space 12288K,  13% used [0x349c0000, 0x34b69090, 0x34b69200, 0x355c0000)
    ro space 10240K,  41% used [0x389c0000, 0x38df2050, 0x38df2200, 0x393c0000)
    rw space 12288K,  52% used [0x393c0000, 0x39a06800, 0x39a06800, 0x39fc0000)
Event: 1.096 GC heap after
Heap after GC invocations=18 (full 5):
 def new generation   total 6464K, used 39K [0x249c0000, 0x250c0000, 0x29f10000)
  eden space 5760K,   0% used [0x249c0000, 0x249c0000, 0x24f60000)
  from space 704K,   5% used [0x25010000, 0x25019c00, 0x250c0000)
  to   space 704K,   0% used [0x24f60000, 0x24f60000, 0x25010000)
 tenured generation   total 14300K, used 8538K [0x29f10000, 0x2ad07000, 0x349c0000)
   the space 14300K,  59% used [0x29f10000, 0x2a7668b8, 0x2a766a00, 0x2ad07000)
 compacting perm gen  total 12288K, used 1700K [0x349c0000, 0x355c0000, 0x389c0000)
   the space 12288K,  13% used [0x349c0000, 0x34b69090, 0x34b69200, 0x355c0000)
    ro space 10240K,  41% used [0x389c0000, 0x38df2050, 0x38df2200, 0x393c0000)
    rw space 12288K,  52% used [0x393c0000, 0x39a06800, 0x39a06800, 0x39fc0000)
}
Event: 1.120 GC heap before
{Heap before GC invocations=18 (full 5):
 def new generation   total 6464K, used 5799K [0x249c0000, 0x250c0000, 0x29f10000)
  eden space 5760K, 100% used [0x249c0000, 0x24f60000, 0x24f60000)
  from space 704K,   5% used [0x25010000, 0x25019c00, 0x250c0000)
  to   space 704K,   0% used [0x24f60000, 0x24f60000, 0x25010000)
 tenured generation   total 14300K, used 8538K [0x29f10000, 0x2ad07000, 0x349c0000)
   the space 14300K,  59% used [0x29f10000, 0x2a7668b8, 0x2a766a00, 0x2ad07000)
 compacting perm gen  total 12288K, used 1700K [0x349c0000, 0x355c0000, 0x389c0000)
   the space 12288K,  13% used [0x349c0000, 0x34b69090, 0x34b69200, 0x355c0000)
    ro space 10240K,  41% used [0x389c0000, 0x38df2050, 0x38df2200, 0x393c0000)
    rw space 12288K,  52% used [0x393c0000, 0x39a06800, 0x39a06800, 0x39fc0000)
Event: 1.121 GC heap after
Heap after GC invocations=19 (full 5):
 def new generation   total 6464K, used 53K [0x249c0000, 0x250c0000, 0x29f10000)
  eden space 5760K,   0% used [0x249c0000, 0x249c0000, 0x24f60000)
  from space 704K,   7% used [0x24f60000, 0x24f6d6e8, 0x25010000)
  to   space 704K,   0% used [0x25010000, 0x25010000, 0x250c0000)
 tenured generation   total 14300K, used 12138K [0x29f10000, 0x2ad07000, 0x349c0000)
   the space 14300K,  84% used [0x29f10000, 0x2aaea8c8, 0x2aaeaa00, 0x2ad07000)
 compacting perm gen  total 12288K, used 1700K [0x349c0000, 0x355c0000, 0x389c0000)
   the space 12288K,  13% used [0x349c0000, 0x34b69090, 0x34b69200, 0x355c0000)
    ro space 10240K,  41% used [0x389c0000, 0x38df2050, 0x38df2200, 0x393c0000)
    rw space 12288K,  52% used [0x393c0000, 0x39a06800, 0x39a06800, 0x39fc0000)
}
Event: 1.175 GC heap before
{Heap before GC invocations=19 (full 5):
 def new generation   total 6464K, used 5811K [0x249c0000, 0x250c0000, 0x29f10000)
  eden space 5760K,  99% used [0x249c0000, 0x24f5f6e8, 0x24f60000)
  from space 704K,   7% used [0x24f60000, 0x24f6d6e8, 0x25010000)
  to   space 704K,   0% used [0x25010000, 0x25010000, 0x250c0000)
 tenured generation   total 14300K, used 12138K [0x29f10000, 0x2ad07000, 0x349c0000)
   the space 14300K,  84% used [0x29f10000, 0x2aaea8c8, 0x2aaeaa00, 0x2ad07000)
 compacting perm gen  total 12288K, used 1700K [0x349c0000, 0x355c0000, 0x389c0000)
   the space 12288K,  13% used [0x349c0000, 0x34b69090, 0x34b69200, 0x355c0000)
    ro space 10240K,  41% used [0x389c0000, 0x38df2050, 0x38df2200, 0x393c0000)
    rw space 12288K,  52% used [0x393c0000, 0x39a06800, 0x39a06800, 0x39fc0000)
Event: 1.189 GC heap after
Heap after GC invocations=20 (full 6):
 def new generation   total 6464K, used 0K [0x249c0000, 0x250c0000, 0x29f10000)
  eden space 5760K,   0% used [0x249c0000, 0x249c0000, 0x24f60000)
  from space 704K,   0% used [0x25010000, 0x25010000, 0x250c0000)
  to   space 704K,   0% used [0x24f60000, 0x24f60000, 0x25010000)
 tenured generation   total 14300K, used 8538K [0x29f10000, 0x2ad07000, 0x349c0000)
   the space 14300K,  59% used [0x29f10000, 0x2a766990, 0x2a766a00, 0x2ad07000)
 compacting perm gen  total 12288K, used 1700K [0x349c0000, 0x355c0000, 0x389c0000)
   the space 12288K,  13% used [0x349c0000, 0x34b69090, 0x34b69200, 0x355c0000)
    ro space 10240K,  41% used [0x389c0000, 0x38df2050, 0x38df2200, 0x393c0000)
    rw space 12288K,  52% used [0x393c0000, 0x39a06800, 0x39a06800, 0x39fc0000)
}
Event: 1.449 GC heap before
{Heap before GC invocations=20 (full 6):
 def new generation   total 6464K, used 5760K [0x249c0000, 0x250c0000, 0x29f10000)
  eden space 5760K, 100% used [0x249c0000, 0x24f60000, 0x24f60000)
  from space 704K,   0% used [0x25010000, 0x25010000, 0x250c0000)
  to   space 704K,   0% used [0x24f60000, 0x24f60000, 0x25010000)
 tenured generation   total 14300K, used 8538K [0x29f10000, 0x2ad07000, 0x349c0000)
   the space 14300K,  59% used [0x29f10000, 0x2a766990, 0x2a766a00, 0x2ad07000)
 compacting perm gen  total 12288K, used 1725K [0x349c0000, 0x355c0000, 0x389c0000)
   the space 12288K,  14% used [0x349c0000, 0x34b6f480, 0x34b6f600, 0x355c0000)
    ro space 10240K,  41% used [0x389c0000, 0x38df2050, 0x38df2200, 0x393c0000)
    rw space 12288K,  52% used [0x393c0000, 0x39a06800, 0x39a06800, 0x39fc0000)
Event: 1.450 GC heap after
Heap after GC invocations=21 (full 6):
 def new generation   total 6464K, used 33K [0x249c0000, 0x250c0000, 0x29f10000)
  eden space 5760K,   0% used [0x249c0000, 0x249c0000, 0x24f60000)
  from space 704K,   4% used [0x24f60000, 0x24f68780, 0x25010000)
  to   space 704K,   0% used [0x25010000, 0x25010000, 0x250c0000)
 tenured generation   total 14300K, used 8538K [0x29f10000, 0x2ad07000, 0x349c0000)
   the space 14300K,  59% used [0x29f10000, 0x2a766990, 0x2a766a00, 0x2ad07000)
 compacting perm gen  total 12288K, used 1725K [0x349c0000, 0x355c0000, 0x389c0000)
   the space 12288K,  14% used [0x349c0000, 0x34b6f480, 0x34b6f600, 0x355c0000)
    ro space 10240K,  41% used [0x389c0000, 0x38df2050, 0x38df2200, 0x393c0000)
    rw space 12288K,  52% used [0x393c0000, 0x39a06800, 0x39a06800, 0x39fc0000)
}

