# JRE version: Java(TM) SE Runtime Environment (7.0_51-b13) (build 1.7.0_51-b13)
# Java VM: Java HotSpot(TM) Client VM (24.51-b03 mixed mode, sharing windows-x86 )
Heap
 def new generation   total 6464K, used 619K [0x249c0000, 0x250c0000, 0x29f10000)
  eden space 5760K,   9% used [0x249c0000, 0x24a4fc08, 0x24f60000)
  from space 704K,   6% used [0x25010000, 0x2501b230, 0x250c0000)
  to   space 704K,   0% used [0x24f60000, 0x24f60000, 0x25010000)
 tenured generation   total 14300K, used 12149K [0x29f10000, 0x2ad07000, 0x349c0000)
   the space 14300K,  84% used [0x29f10000, 0x2aaed498, 0x2aaed600, 0x2ad07000)
 compacting perm gen  total 12288K, used 1744K [0x349c0000, 0x355c0000, 0x389c0000)
   the space 12288K,  14% used [0x349c0000, 0x34b74188, 0x34b74200, 0x355c0000)
    ro space 10240K,  41% used [0x389c0000, 0x38df2050, 0x38df2200, 0x393c0000)
    rw space 12288K,  52% used [0x393c0000, 0x39a06800, 0x39a06800, 0x39fc0000)
GC Heap History (10 events):
Event: 0.935 GC heap before
{Heap before GC invocations=15 (full 4):
 def new generation   total 6464K, used 5797K [0x249c0000, 0x250c0000, 0x29f10000)
  eden space 5760K,  99% used [0x249c0000, 0x24f5fa50, 0x24f60000)
  from space 704K,   5% used [0x24f60000, 0x24f69d20, 0x25010000)
  to   space 704K,   0% used [0x25010000, 0x25010000, 0x250c0000)
 tenured generation   total 14300K, used 8537K [0x29f10000, 0x2ad07000, 0x349c0000)
   the space 14300K,  59% used [0x29f10000, 0x2a766788, 0x2a766800, 0x2ad07000)
 compacting perm gen  total 12288K, used 1700K [0x349c0000, 0x355c0000, 0x389c0000)
   the space 12288K,  13% used [0x349c0000, 0x34b69028, 0x34b69200, 0x355c0000)
    ro space 10240K,  41% used [0x389c0000, 0x38df2050, 0x38df2200, 0x393c0000)
    rw space 12288K,  52% used [0x393c0000, 0x39a06800, 0x39a06800, 0x39fc0000)
Event: 0.936 GC heap after
Heap after GC invocations=16 (full 4):
 def new generation   total 6464K, used 53K [0x249c0000, 0x250c0000, 0x29f10000)
  eden space 5760K,   0% used [0x249c0000, 0x249c0000, 0x24f60000)
  from space 704K,   7% used [0x25010000, 0x2501d708, 0x250c0000)
  to   space 704K,   0% used [0x24f60000, 0x24f60000, 0x25010000)
 tenured generation   total 14300K, used 12137K [0x29f10000, 0x2ad07000, 0x349c0000)
   the space 14300K,  84% used [0x29f10000, 0x2aaea798, 0x2aaea800, 0x2ad07000)
 compacting perm gen  total 12288K, used 1700K [0x349c0000, 0x355c0000, 0x389c0000)
   the space 12288K,  13% used [0x349c0000, 0x34b69028, 0x34b69200, 0x355c0000)
    ro space 10240K,  41% used [0x389c0000, 0x38df2050, 0x38df2200, 0x393c0000)
    rw space 12288K,  52% used [0x393c0000, 0x39a06800, 0x39a06800, 0x39fc0000)
}
Event: 0.990 GC heap before
{Heap before GC invocations=16 (full 4):
 def new generation   total 6464K, used 5813K [0x249c0000, 0x250c0000, 0x29f10000)
  eden space 5760K, 100% used [0x249c0000, 0x24f60000, 0x24f60000)
  from space 704K,   7% used [0x25010000, 0x2501d708, 0x250c0000)
  to   space 704K,   0% used [0x24f60000, 0x24f60000, 0x25010000)
 tenured generation   total 14300K, used 12137K [0x29f10000, 0x2ad07000, 0x349c0000)
   the space 14300K,  84% used [0x29f10000, 0x2aaea798, 0x2aaea800, 0x2ad07000)
 compacting perm gen  total 12288K, used 1712K [0x349c0000, 0x355c0000, 0x389c0000)
   the space 12288K,  13% used [0x349c0000, 0x34b6c120, 0x34b6c200, 0x355c0000)
    ro space 10240K,  41% used [0x389c0000, 0x38df2050, 0x38df2200, 0x393c0000)
    rw space 12288K,  52% used [0x393c0000, 0x39a06800, 0x39a06800, 0x39fc0000)
Event: 1.004 GC heap after
Heap after GC invocations=17 (full 5):
 def new generation   total 6464K, used 0K [0x249c0000, 0x250c0000, 0x29f10000)
  eden space 5760K,   0% used [0x249c0000, 0x249c0000, 0x24f60000)
  from space 704K,   0% used [0x24f60000, 0x24f60000, 0x25010000)
  to   space 704K,   0% used [0x25010000, 0x25010000, 0x250c0000)
 tenured generation   total 14300K, used 8549K [0x29f10000, 0x2ad07000, 0x349c0000)
   the space 14300K,  59% used [0x29f10000, 0x2a769488, 0x2a769600, 0x2ad07000)
 compacting perm gen  total 12288K, used 1712K [0x349c0000, 0x355c0000, 0x389c0000)
   the space 12288K,  13% used [0x349c0000, 0x34b6c120, 0x34b6c200, 0x355c0000)
    ro space 10240K,  41% used [0x389c0000, 0x38df2050, 0x38df2200, 0x393c0000)
    rw space 12288K,  52% used [0x393c0000, 0x39a06800, 0x39a06800, 0x39fc0000)
}
Event: 1.075 GC heap before
{Heap before GC invocations=17 (full 5):
 def new generation   total 6464K, used 3854K [0x249c0000, 0x250c0000, 0x29f10000)
  eden space 5760K,  66% used [0x249c0000, 0x24d83b18, 0x24f60000)
  from space 704K,   0% used [0x24f60000, 0x24f60000, 0x25010000)
  to   space 704K,   0% used [0x25010000, 0x25010000, 0x250c0000)
 tenured generation   total 14300K, used 8549K [0x29f10000, 0x2ad07000, 0x349c0000)
   the space 14300K,  59% used [0x29f10000, 0x2a769488, 0x2a769600, 0x2ad07000)
 compacting perm gen  total 12288K, used 1712K [0x349c0000, 0x355c0000, 0x389c0000)
   the space 12288K,  13% used [0x349c0000, 0x34b6c120, 0x34b6c200, 0x355c0000)
    ro space 10240K,  41% used [0x389c0000, 0x38df2050, 0x38df2200, 0x393c0000)
    rw space 12288K,  52% used [0x393c0000, 0x39a06800, 0x39a06800, 0x39fc0000)
Event: 1.076 GC heap after
Heap after GC invocations=18 (full 5):
 def new generation   total 6464K, used 39K [0x249c0000, 0x250c0000, 0x29f10000)
  eden space 5760K,   0% used [0x249c0000, 0x249c0000, 0x24f60000)
  from space 704K,   5% used [0x25010000, 0x25019f00, 0x250c0000)
  to   space 704K,   0% used [0x24f60000, 0x24f60000, 0x25010000)
 tenured generation   total 14300K, used 8549K [0x29f10000, 0x2ad07000, 0x349c0000)
   the space 14300K,  59% used [0x29f10000, 0x2a769488, 0x2a769600, 0x2ad07000)
 compacting perm gen  total 12288K, used 1712K [0x349c0000, 0x355c0000, 0x389c0000)
   the space 12288K,  13% used [0x349c0000, 0x34b6c120, 0x34b6c200, 0x355c0000)
    ro space 10240K,  41% used [0x389c0000, 0x38df2050, 0x38df2200, 0x393c0000)
    rw space 12288K,  52% used [0x393c0000, 0x39a06800, 0x39a06800, 0x39fc0000)
}
Event: 1.099 GC heap before
{Heap before GC invocations=18 (full 5):
 def new generation   total 6464K, used 5796K [0x249c0000, 0x250c0000, 0x29f10000)
  eden space 5760K,  99% used [0x249c0000, 0x24f5f1a8, 0x24f60000)
  from space 704K,   5% used [0x25010000, 0x25019f00, 0x250c0000)
  to   space 704K,   0% used [0x24f60000, 0x24f60000, 0x25010000)
 tenured generation   total 14300K, used 8549K [0x29f10000, 0x2ad07000, 0x349c0000)
   the space 14300K,  59% used [0x29f10000, 0x2a769488, 0x2a769600, 0x2ad07000)
 compacting perm gen  total 12288K, used 1732K [0x349c0000, 0x355c0000, 0x389c0000)
   the space 12288K,  14% used [0x349c0000, 0x34b71060, 0x34b71200, 0x355c0000)
    ro space 10240K,  41% used [0x389c0000, 0x38df2050, 0x38df2200, 0x393c0000)
    rw space 12288K,  52% used [0x393c0000, 0x39a06800, 0x39a06800, 0x39fc0000)
Event: 1.100 GC heap after
Heap after GC invocations=19 (full 5):
 def new generation   total 6464K, used 75K [0x249c0000, 0x250c0000, 0x29f10000)
  eden space 5760K,   0% used [0x249c0000, 0x249c0000, 0x24f60000)
  from space 704K,  10% used [0x24f60000, 0x24f72c60, 0x25010000)
  to   space 704K,   0% used [0x25010000, 0x25010000, 0x250c0000)
 tenured generation   total 14300K, used 12149K [0x29f10000, 0x2ad07000, 0x349c0000)
   the space 14300K,  84% used [0x29f10000, 0x2aaed498, 0x2aaed600, 0x2ad07000)
 compacting perm gen  total 12288K, used 1732K [0x349c0000, 0x355c0000, 0x389c0000)
   the space 12288K,  14% used [0x349c0000, 0x34b71060, 0x34b71200, 0x355c0000)
    ro space 10240K,  41% used [0x389c0000, 0x38df2050, 0x38df2200, 0x393c0000)
    rw space 12288K,  52% used [0x393c0000, 0x39a06800, 0x39a06800, 0x39fc0000)
}
Event: 1.432 GC heap before
{Heap before GC invocations=19 (full 5):
 def new generation   total 6464K, used 5835K [0x249c0000, 0x250c0000, 0x29f10000)
  eden space 5760K, 100% used [0x249c0000, 0x24f60000, 0x24f60000)
  from space 704K,  10% used [0x24f60000, 0x24f72c60, 0x25010000)
  to   space 704K,   0% used [0x25010000, 0x25010000, 0x250c0000)
 tenured generation   total 14300K, used 12149K [0x29f10000, 0x2ad07000, 0x349c0000)
   the space 14300K,  84% used [0x29f10000, 0x2aaed498, 0x2aaed600, 0x2ad07000)
 compacting perm gen  total 12288K, used 1744K [0x349c0000, 0x355c0000, 0x389c0000)
   the space 12288K,  14% used [0x349c0000, 0x34b74188, 0x34b74200, 0x355c0000)
    ro space 10240K,  41% used [0x389c0000, 0x38df2050, 0x38df2200, 0x393c0000)
    rw space 12288K,  52% used [0x393c0000, 0x39a06800, 0x39a06800, 0x39fc0000)
Event: 1.433 GC heap after
Heap after GC invocations=20 (full 5):
 def new generation   total 6464K, used 44K [0x249c0000, 0x250c0000, 0x29f10000)
  eden space 5760K,   0% used [0x249c0000, 0x249c0000, 0x24f60000)
  from space 704K,   6% used [0x25010000, 0x2501b230, 0x250c0000)
  to   space 704K,   0% used [0x24f60000, 0x24f60000, 0x25010000)
 tenured generation   total 14300K, used 12149K [0x29f10000, 0x2ad07000, 0x349c0000)
   the space 14300K,  84% used [0x29f10000, 0x2aaed498, 0x2aaed600, 0x2ad07000)
 compacting perm gen  total 12288K, used 1744K [0x349c0000, 0x355c0000, 0x389c0000)
   the space 12288K,  14% used [0x349c0000, 0x34b74188, 0x34b74200, 0x355c0000)
    ro space 10240K,  41% used [0x389c0000, 0x38df2050, 0x38df2200, 0x393c0000)
    rw space 12288K,  52% used [0x393c0000, 0x39a06800, 0x39a06800, 0x39fc0000)
}

