# JRE version: Java(TM) SE Runtime Environment (7.0_51-b13) (build 1.7.0_51-b13)
# Java VM: Java HotSpot(TM) Client VM (24.51-b03 mixed mode, sharing windows-x86 )
Heap
 def new generation   total 6528K, used 1124K [0x249c0000, 0x250d0000, 0x29f10000)
  eden space 5824K,  18% used [0x249c0000, 0x24ad0640, 0x24f70000)
  from space 704K,   4% used [0x25020000, 0x25028c60, 0x250d0000)
  to   space 704K,   0% used [0x24f70000, 0x24f70000, 0x25020000)
 tenured generation   total 14324K, used 8537K [0x29f10000, 0x2ad0d000, 0x349c0000)
   the space 14324K,  59% used [0x29f10000, 0x2a766778, 0x2a766800, 0x2ad0d000)
 compacting perm gen  total 12288K, used 1725K [0x349c0000, 0x355c0000, 0x389c0000)
   the space 12288K,  14% used [0x349c0000, 0x34b6f620, 0x34b6f800, 0x355c0000)
    ro space 10240K,  41% used [0x389c0000, 0x38df2050, 0x38df2200, 0x393c0000)
    rw space 12288K,  52% used [0x393c0000, 0x39a06800, 0x39a06800, 0x39fc0000)
GC Heap History (10 events):
Event: 1.487 GC heap before
{Heap before GC invocations=25 (full 7):
 def new generation   total 6528K, used 5876K [0x249c0000, 0x250d0000, 0x29f10000)
  eden space 5824K,  99% used [0x249c0000, 0x24f6fc80, 0x24f70000)
  from space 704K,   7% used [0x24f70000, 0x24f7d6e8, 0x25020000)
  to   space 704K,   0% used [0x25020000, 0x25020000, 0x250d0000)
 tenured generation   total 14324K, used 12138K [0x29f10000, 0x2ad0d000, 0x349c0000)
   the space 14324K,  84% used [0x29f10000, 0x2aaea8f0, 0x2aaeaa00, 0x2ad0d000)
 compacting perm gen  total 12288K, used 1700K [0x349c0000, 0x355c0000, 0x389c0000)
   the space 12288K,  13% used [0x349c0000, 0x34b690b8, 0x34b69200, 0x355c0000)
    ro space 10240K,  41% used [0x389c0000, 0x38df2050, 0x38df2200, 0x393c0000)
    rw space 12288K,  52% used [0x393c0000, 0x39a06800, 0x39a06800, 0x39fc0000)
Event: 1.501 GC heap after
Heap after GC invocations=26 (full 8):
 def new generation   total 6528K, used 0K [0x249c0000, 0x250d0000, 0x29f10000)
  eden space 5824K,   0% used [0x249c0000, 0x249c0000, 0x24f70000)
  from space 704K,   0% used [0x25020000, 0x25020000, 0x250d0000)
  to   space 704K,   0% used [0x24f70000, 0x24f70000, 0x25020000)
 tenured generation   total 14324K, used 8537K [0x29f10000, 0x2ad0d000, 0x349c0000)
   the space 14324K,  59% used [0x29f10000, 0x2a766678, 0x2a766800, 0x2ad0d000)
 compacting perm gen  total 12288K, used 1700K [0x349c0000, 0x355c0000, 0x389c0000)
   the space 12288K,  13% used [0x349c0000, 0x34b690b8, 0x34b69200, 0x355c0000)
    ro space 10240K,  41% used [0x389c0000, 0x38df2050, 0x38df2200, 0x393c0000)
    rw space 12288K,  52% used [0x393c0000, 0x39a06800, 0x39a06800, 0x39fc0000)
}
Event: 1.572 GC heap before
{Heap before GC invocations=26 (full 8):
 def new generation   total 6528K, used 3438K [0x249c0000, 0x250d0000, 0x29f10000)
  eden space 5824K,  59% used [0x249c0000, 0x24d1ba60, 0x24f70000)
  from space 704K,   0% used [0x25020000, 0x25020000, 0x250d0000)
  to   space 704K,   0% used [0x24f70000, 0x24f70000, 0x25020000)
 tenured generation   total 14324K, used 8537K [0x29f10000, 0x2ad0d000, 0x349c0000)
   the space 14324K,  59% used [0x29f10000, 0x2a766678, 0x2a766800, 0x2ad0d000)
 compacting perm gen  total 12288K, used 1700K [0x349c0000, 0x355c0000, 0x389c0000)
   the space 12288K,  13% used [0x349c0000, 0x34b690b8, 0x34b69200, 0x355c0000)
    ro space 10240K,  41% used [0x389c0000, 0x38df2050, 0x38df2200, 0x393c0000)
    rw space 12288K,  52% used [0x393c0000, 0x39a06800, 0x39a06800, 0x39fc0000)
Event: 1.573 GC heap after
Heap after GC invocations=27 (full 8):
 def new generation   total 6528K, used 39K [0x249c0000, 0x250d0000, 0x29f10000)
  eden space 5824K,   0% used [0x249c0000, 0x249c0000, 0x24f70000)
  from space 704K,   5% used [0x24f70000, 0x24f79c20, 0x25020000)
  to   space 704K,   0% used [0x25020000, 0x25020000, 0x250d0000)
 tenured generation   total 14324K, used 8537K [0x29f10000, 0x2ad0d000, 0x349c0000)
   the space 14324K,  59% used [0x29f10000, 0x2a766678, 0x2a766800, 0x2ad0d000)
 compacting perm gen  total 12288K, used 1700K [0x349c0000, 0x355c0000, 0x389c0000)
   the space 12288K,  13% used [0x349c0000, 0x34b690b8, 0x34b69200, 0x355c0000)
    ro space 10240K,  41% used [0x389c0000, 0x38df2050, 0x38df2200, 0x393c0000)
    rw space 12288K,  52% used [0x393c0000, 0x39a06800, 0x39a06800, 0x39fc0000)
}
Event: 1.597 GC heap before
{Heap before GC invocations=27 (full 8):
 def new generation   total 6528K, used 5863K [0x249c0000, 0x250d0000, 0x29f10000)
  eden space 5824K, 100% used [0x249c0000, 0x24f70000, 0x24f70000)
  from space 704K,   5% used [0x24f70000, 0x24f79c20, 0x25020000)
  to   space 704K,   0% used [0x25020000, 0x25020000, 0x250d0000)
 tenured generation   total 14324K, used 8537K [0x29f10000, 0x2ad0d000, 0x349c0000)
   the space 14324K,  59% used [0x29f10000, 0x2a766678, 0x2a766800, 0x2ad0d000)
 compacting perm gen  total 12288K, used 1700K [0x349c0000, 0x355c0000, 0x389c0000)
   the space 12288K,  13% used [0x349c0000, 0x34b690b8, 0x34b69200, 0x355c0000)
    ro space 10240K,  41% used [0x389c0000, 0x38df2050, 0x38df2200, 0x393c0000)
    rw space 12288K,  52% used [0x393c0000, 0x39a06800, 0x39a06800, 0x39fc0000)
Event: 1.598 GC heap after
Heap after GC invocations=28 (full 8):
 def new generation   total 6528K, used 53K [0x249c0000, 0x250d0000, 0x29f10000)
  eden space 5824K,   0% used [0x249c0000, 0x249c0000, 0x24f70000)
  from space 704K,   7% used [0x25020000, 0x2502d708, 0x250d0000)
  to   space 704K,   0% used [0x24f70000, 0x24f70000, 0x25020000)
 tenured generation   total 14324K, used 12137K [0x29f10000, 0x2ad0d000, 0x349c0000)
   the space 14324K,  84% used [0x29f10000, 0x2aaea688, 0x2aaea800, 0x2ad0d000)
 compacting perm gen  total 12288K, used 1700K [0x349c0000, 0x355c0000, 0x389c0000)
   the space 12288K,  13% used [0x349c0000, 0x34b690b8, 0x34b69200, 0x355c0000)
    ro space 10240K,  41% used [0x389c0000, 0x38df2050, 0x38df2200, 0x393c0000)
    rw space 12288K,  52% used [0x393c0000, 0x39a06800, 0x39a06800, 0x39fc0000)
}
Event: 1.651 GC heap before
{Heap before GC invocations=28 (full 8):
 def new generation   total 6528K, used 5877K [0x249c0000, 0x250d0000, 0x29f10000)
  eden space 5824K,  99% used [0x249c0000, 0x24f6fe90, 0x24f70000)
  from space 704K,   7% used [0x25020000, 0x2502d708, 0x250d0000)
  to   space 704K,   0% used [0x24f70000, 0x24f70000, 0x25020000)
 tenured generation   total 14324K, used 12137K [0x29f10000, 0x2ad0d000, 0x349c0000)
   the space 14324K,  84% used [0x29f10000, 0x2aaea688, 0x2aaea800, 0x2ad0d000)
 compacting perm gen  total 12288K, used 1700K [0x349c0000, 0x355c0000, 0x389c0000)
   the space 12288K,  13% used [0x349c0000, 0x34b690b8, 0x34b69200, 0x355c0000)
    ro space 10240K,  41% used [0x389c0000, 0x38df2050, 0x38df2200, 0x393c0000)
    rw space 12288K,  52% used [0x393c0000, 0x39a06800, 0x39a06800, 0x39fc0000)
Event: 1.665 GC heap after
Heap after GC invocations=29 (full 9):
 def new generation   total 6528K, used 0K [0x249c0000, 0x250d0000, 0x29f10000)
  eden space 5824K,   0% used [0x249c0000, 0x249c0000, 0x24f70000)
  from space 704K,   0% used [0x24f70000, 0x24f70000, 0x25020000)
  to   space 704K,   0% used [0x25020000, 0x25020000, 0x250d0000)
 tenured generation   total 14324K, used 8537K [0x29f10000, 0x2ad0d000, 0x349c0000)
   the space 14324K,  59% used [0x29f10000, 0x2a766778, 0x2a766800, 0x2ad0d000)
 compacting perm gen  total 12288K, used 1700K [0x349c0000, 0x355c0000, 0x389c0000)
   the space 12288K,  13% used [0x349c0000, 0x34b690b8, 0x34b69200, 0x355c0000)
    ro space 10240K,  41% used [0x389c0000, 0x38df2050, 0x38df2200, 0x393c0000)
    rw space 12288K,  52% used [0x393c0000, 0x39a06800, 0x39a06800, 0x39fc0000)
}
Event: 1.915 GC heap before
{Heap before GC invocations=29 (full 9):
 def new generation   total 6528K, used 5824K [0x249c0000, 0x250d0000, 0x29f10000)
  eden space 5824K, 100% used [0x249c0000, 0x24f70000, 0x24f70000)
  from space 704K,   0% used [0x24f70000, 0x24f70000, 0x25020000)
  to   space 704K,   0% used [0x25020000, 0x25020000, 0x250d0000)
 tenured generation   total 14324K, used 8537K [0x29f10000, 0x2ad0d000, 0x349c0000)
   the space 14324K,  59% used [0x29f10000, 0x2a766778, 0x2a766800, 0x2ad0d000)
 compacting perm gen  total 12288K, used 1725K [0x349c0000, 0x355c0000, 0x389c0000)
   the space 12288K,  14% used [0x349c0000, 0x34b6f620, 0x34b6f800, 0x355c0000)
    ro space 10240K,  41% used [0x389c0000, 0x38df2050, 0x38df2200, 0x393c0000)
    rw space 12288K,  52% used [0x393c0000, 0x39a06800, 0x39a06800, 0x39fc0000)
Event: 1.915 GC heap after
Heap after GC invocations=30 (full 9):
 def new generation   total 6528K, used 35K [0x249c0000, 0x250d0000, 0x29f10000)
  eden space 5824K,   0% used [0x249c0000, 0x249c0000, 0x24f70000)
  from space 704K,   4% used [0x25020000, 0x25028c60, 0x250d0000)
  to   space 704K,   0% used [0x24f70000, 0x24f70000, 0x25020000)
 tenured generation   total 14324K, used 8537K [0x29f10000, 0x2ad0d000, 0x349c0000)
   the space 14324K,  59% used [0x29f10000, 0x2a766778, 0x2a766800, 0x2ad0d000)
 compacting perm gen  total 12288K, used 1725K [0x349c0000, 0x355c0000, 0x389c0000)
   the space 12288K,  14% used [0x349c0000, 0x34b6f620, 0x34b6f800, 0x355c0000)
    ro space 10240K,  41% used [0x389c0000, 0x38df2050, 0x38df2200, 0x393c0000)
    rw space 12288K,  52% used [0x393c0000, 0x39a06800, 0x39a06800, 0x39fc0000)
}

